<?xml version="1.0" encoding="UTF-8"?>
<!-- Generated by org.testng.reporters.JUnitReportReporter -->
<testsuite hostname="DESKTOP-GGDVL6T" failures="0" tests="1" name="DemoTest" time="4.869" errors="0" timestamp="2022-07-06T08:27:33 PDT" skipped="0">
  <testcase classname="DemoTest" name="Test01" time="4.869"/>
  <system-out/>
</testsuite> <!-- DemoTest -->
